<?xml version="1.0" encoding="UTF-8"?>
<testng-results ignored="0" total="1" passed="1" failed="0" skipped="0">
  <reporter-output>
  </reporter-output>
  <suite started-at="2025-03-17T15:26:12 IST" name="Default suite" finished-at="2025-03-17T15:26:32 IST" duration-ms="20124">
    <groups>
    </groups>
    <test started-at="2025-03-17T15:26:12 IST" name="Default test" finished-at="2025-03-17T15:26:32 IST" duration-ms="20124">
      <class name="org.info.prac.Automation.pract">
        <test-method signature="TcOne()[pri:0, instance:org.info.prac.Automation.pract@47eaca72]" started-at="2025-03-17T15:26:12 IST" name="TcOne" finished-at="2025-03-17T15:26:32 IST" duration-ms="20054" status="PASS">
          <reporter-output>
          </reporter-output>
        </test-method> <!-- TcOne -->
      </class> <!-- org.info.prac.Automation.pract -->
    </test> <!-- Default test -->
  </suite> <!-- Default suite -->
</testng-results>
